[debug] [2022-12-21T07:33:08.823Z] ----------------------------------------------------------------------
[debug] [2022-12-21T07:33:08.827Z] Command:       C:\Program Files\nodejs\node.exe C:\Users\sanka\AppData\Roaming\npm\node_modules\firebase-tools\lib\bin\firebase.js init
[debug] [2022-12-21T07:33:08.828Z] CLI Version:   11.17.0
[debug] [2022-12-21T07:33:08.829Z] Platform:      win32
[debug] [2022-12-21T07:33:08.829Z] Node Version:  v16.16.0
[debug] [2022-12-21T07:33:08.831Z] Time:          Wed Dec 21 2022 13:03:08 GMT+0530 (India Standard Time)
[debug] [2022-12-21T07:33:08.832Z] ----------------------------------------------------------------------
[debug] 
[debug] [2022-12-21T07:33:08.842Z] >>> [apiv2][query] GET https://firebase-public.firebaseio.com/cli.json [none]
[debug] [2022-12-21T07:33:08.897Z] > command requires scopes: ["email","openid","https://www.googleapis.com/auth/cloudplatformprojects.readonly","https://www.googleapis.com/auth/firebase","https://www.googleapis.com/auth/cloud-platform"]
[debug] [2022-12-21T07:33:08.898Z] > authorizing via signed-in user (sankarmoorthi99@gmail.com)
[info] 
     ######## #### ########  ######## ########     ###     ######  ########
     ##        ##  ##     ## ##       ##     ##  ##   ##  ##       ##
     ######    ##  ########  ######   ########  #########  ######  ######
     ##        ##  ##    ##  ##       ##     ## ##     ##       ## ##
     ##       #### ##     ## ######## ########  ##     ##  ######  ########

You're about to initialize a Firebase project in this directory:

  C:\guvi\chat-app

Before we get started, keep in mind:

  * You are currently outside your home directory

[debug] [2022-12-21T07:33:09.871Z] <<< [apiv2][status] GET https://firebase-public.firebaseio.com/cli.json 200
[debug] [2022-12-21T07:33:09.872Z] <<< [apiv2][body] GET https://firebase-public.firebaseio.com/cli.json {"cloudBuildErrorAfter":1594252800000,"cloudBuildWarnAfter":1590019200000,"defaultNode10After":1594252800000,"minVersion":"3.0.5","node8DeploysDisabledAfter":1613390400000,"node8RuntimeDisabledAfter":1615809600000,"node8WarnAfter":1600128000000}
[info] 
=== Project Setup
[info] 
[info] First, let's associate this project directory with a Firebase project.
[info] You can create multiple project aliases by running firebase use --add, 
[info] but for now we'll just set up a default project.
[info] 
[debug] [2022-12-21T07:34:00.847Z] > refreshing access token with scopes: []
[debug] [2022-12-21T07:34:00.849Z] >>> [apiv2][query] POST https://www.googleapis.com/oauth2/v3/token [none]
[debug] [2022-12-21T07:34:00.849Z] >>> [apiv2][body] POST https://www.googleapis.com/oauth2/v3/token [omitted]
[debug] [2022-12-21T07:34:01.474Z] <<< [apiv2][status] POST https://www.googleapis.com/oauth2/v3/token 200
[debug] [2022-12-21T07:34:01.475Z] <<< [apiv2][body] POST https://www.googleapis.com/oauth2/v3/token [omitted]
[debug] [2022-12-21T07:34:01.498Z] >>> [apiv2][query] GET https://firebase.googleapis.com/v1beta1/projects pageSize=100
[debug] [2022-12-21T07:34:02.695Z] <<< [apiv2][status] GET https://firebase.googleapis.com/v1beta1/projects 200
[debug] [2022-12-21T07:34:02.696Z] <<< [apiv2][body] GET https://firebase.googleapis.com/v1beta1/projects [omitted]
[info] i  Using project chat-app-df194 (Chat-App) 
[info] 
=== Hosting Setup
[info] 
[info] Your public directory is the folder (relative to your project directory) that
[info] will contain Hosting assets to be uploaded with firebase deploy. If you
[info] have a build process for your assets, use your build's output directory.
[info] 
[debug] [2022-12-21T07:35:22.263Z] >>> [apiv2][query] GET https://www.gstatic.com/firebasejs/releases.json [none]
[debug] [2022-12-21T07:35:22.852Z] <<< [apiv2][status] GET https://www.gstatic.com/firebasejs/releases.json 200
[debug] [2022-12-21T07:35:22.852Z] <<< [apiv2][body] GET https://www.gstatic.com/firebasejs/releases.json {"current":{"version":"9.15.0","browserURL":"https://www.gstatic.com/firebasejs/9.15.0/firebase.js","packageURL":"https://www.gstatic.com/firebasejs/9.15.0/firebase.tgz"},"live":{"version":"9.15","browserURL":"https://www.gstatic.com/firebasejs/live/9.15/firebase.js","packageURL":"https://www.gstatic.com/firebasejs/live/9.15/firebase.tgz"},"components":{"analytics":"https://www.gstatic.com/firebasejs/9.15.0/firebase-analytics.js","app":"https://www.gstatic.com/firebasejs/9.15.0/firebase-app.js","app-check":"https://www.gstatic.com/firebasejs/9.15.0/firebase-app-check.js","auth":"https://www.gstatic.com/firebasejs/9.15.0/firebase-auth.js","auth/cordova":"https://www.gstatic.com/firebasejs/9.15.0/firebase-auth/cordova.js","auth/react-native":"https://www.gstatic.com/firebasejs/9.15.0/firebase-auth/react-native.js","functions":"https://www.gstatic.com/firebasejs/9.15.0/firebase-functions.js","firestore":"https://www.gstatic.com/firebasejs/9.15.0/firebase-firestore.js","firestore/lite":"https://www.gstatic.com/firebasejs/9.15.0/firebase-firestore/lite.js","installations":"https://www.gstatic.com/firebasejs/9.15.0/firebase-installations.js","storage":"https://www.gstatic.com/firebasejs/9.15.0/firebase-storage.js","performance":"https://www.gstatic.com/firebasejs/9.15.0/firebase-performance.js","remote-config":"https://www.gstatic.com/firebasejs/9.15.0/firebase-remote-config.js","messaging":"https://www.gstatic.com/firebasejs/9.15.0/firebase-messaging.js","messaging/sw":"https://www.gstatic.com/firebasejs/9.15.0/firebase-messaging/sw.js","database":"https://www.gstatic.com/firebasejs/9.15.0/firebase-database.js","firestore.memory":"https://www.gstatic.com/firebasejs/9.15.0/firebase-firestore.memory.js"}}
[info] +  Wrote build/index.html 
[info] 
[info] i  Detected a .git folder at C:\guvi\chat-app 
[info] i  Authorizing with GitHub to upload your service account to a GitHub repository's secrets store. 
[info] 
[info] Visit this URL on this device to log in:
[info] https://github.com/login/oauth/authorize?client_id=89cf50f02ac6aaed3484&state=967092572&redirect_uri=http%3A%2F%2Flocalhost%3A9005&scope=read%3Auser%20repo%20public_repo
[info] 
[info] Waiting for authentication...
[debug] [2022-12-21T07:35:38.328Z] >>> [apiv2][query] POST https://github.com/login/oauth/access_token [none]
[debug] [2022-12-21T07:35:38.328Z] >>> [apiv2][body] POST https://github.com/login/oauth/access_token [stream]
[debug] [2022-12-21T07:35:39.154Z] <<< [apiv2][status] POST https://github.com/login/oauth/access_token 200
[debug] [2022-12-21T07:35:39.154Z] <<< [apiv2][body] POST https://github.com/login/oauth/access_token {"access_token":"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","token_type":"bearer","scope":"read:user,repo"}
[debug] [2022-12-21T07:35:39.177Z] >>> [apiv2][query] GET https://api.github.com/user [none]
[debug] [2022-12-21T07:35:39.753Z] <<< [apiv2][status] GET https://api.github.com/user 200
[debug] [2022-12-21T07:35:39.753Z] <<< [apiv2][body] GET https://api.github.com/user {"login":"SankaraMoothi","id":107635975,"node_id":"U_kgDOBmplBw","avatar_url":"https://avatars.githubusercontent.com/u/107635975?v=4","gravatar_id":"","url":"https://api.github.com/users/SankaraMoothi","html_url":"https://github.com/SankaraMoothi","followers_url":"https://api.github.com/users/SankaraMoothi/followers","following_url":"https://api.github.com/users/SankaraMoothi/following{/other_user}","gists_url":"https://api.github.com/users/SankaraMoothi/gists{/gist_id}","starred_url":"https://api.github.com/users/SankaraMoothi/starred{/owner}{/repo}","subscriptions_url":"https://api.github.com/users/SankaraMoothi/subscriptions","organizations_url":"https://api.github.com/users/SankaraMoothi/orgs","repos_url":"https://api.github.com/users/SankaraMoothi/repos","events_url":"https://api.github.com/users/SankaraMoothi/events{/privacy}","received_events_url":"https://api.github.com/users/SankaraMoothi/received_events","type":"User","site_admin":false,"name":"Sankara_Moorthi","company":null,"blog":"https://sankar-portfolio.netlify.app/","location":"palani","email":null,"hireable":null,"bio":"A Learner How Eager To Learn New Thing And End Of Day Add An Little Bit Of Extra Knowledge Compare To Yesterday Really The Size Not A Matter But The Consistency","twitter_username":"mass_sankar_29","public_repos":57,"public_gists":0,"followers":1,"following":1,"created_at":"2022-06-16T15:31:57Z","updated_at":"2022-11-13T02:18:06Z","private_gists":0,"total_private_repos":0,"owned_private_repos":0,"disk_usage":18667,"collaborators":0,"two_factor_authentication":false,"plan":{"name":"free","space":976562499,"collaborators":0,"private_repos":10000}}
[info] 
[info] +  Success! Logged into GitHub as SankaraMoothi 
[info] 
